<?xml version="1.0" encoding="UTF-8"?>
<testsuite xmlns:xsi="http://www.w3.org/2001/XMLSchema-instance" xsi:noNamespaceSchemaLocation="https://maven.apache.org/surefire/maven-failsafe-plugin/xsd/failsafe-test-report.xsd" version="3.0.2" name="fr.takima.training.sampleapplication.IT.DepartmentControllerTestIT" time="27.043" tests="6" errors="0" skipped="0" failures="0">
  <properties>
[...]
</properties>
  <testcase name="testGetDepartmentStudentsByName" classname="fr.takima.training.sampleapplication.IT.DepartmentControllerTestIT" time="1.632">
    <system-out><![CDATA[
  .   ____          _            __ _ _
 /\\ / ___'_ __ _ _(_)_ __  __ _ \ \ \ \
( ( )\___ | '_ | '_| | '_ \/ _` | \ \ \ \
 \\/  ___)| |_)| | | | | || (_| |  ) ) ) )
  '  |____| .__|_| |_|_| |_\__, | / / / /
 =========|_|==============|___/=/_/_/_/

 :: Spring Boot ::                (v3.4.2)

2026-04-10T11:50:33.027+02:00  INFO 22936 --- [           main] f.t.t.s.IT.DepartmentControllerTestIT    : Starting DepartmentControllerTestIT using Java 23.0.1 with PID 22936 (started by caelu in C:\Users\caelu\Desktop\DevOps_MLOps\TP1)
2026-04-10T11:50:33.035+02:00  INFO 22936 --- [           main] f.t.t.s.IT.DepartmentControllerTestIT    : No active profile set, falling back to 1 default profile: "default"
2026-04-10T11:50:35.640+02:00  INFO 22936 --- [           main] .s.d.r.c.RepositoryConfigurationDelegate : Bootstrapping Spring Data JPA repositories in DEFAULT mode.
2026-04-10T11:50:35.784+02:00  INFO 22936 --- [           main] .s.d.r.c.RepositoryConfigurationDelegate : Finished Spring Data repository scanning in 111 ms. Found 2 JPA repository interfaces.
2026-04-10T11:50:37.511+02:00  INFO 22936 --- [           main] com.zaxxer.hikari.HikariDataSource       : HikariPool-1 - Starting...
2026-04-10T11:50:37.731+02:00  INFO 22936 --- [           main] org.testcontainers.images.PullPolicy     : Image pull policy will be performed by: DefaultPullPolicy()
2026-04-10T11:50:37.738+02:00  INFO 22936 --- [           main] o.t.utility.ImageNameSubstitutor         : Image name substitution will be performed by: DefaultImageNameSubstitutor (composite of 'ConfigurationFileImageNameSubstitutor' and 'PrefixingImageNameSubstitutor')
2026-04-10T11:50:37.811+02:00  INFO 22936 --- [           main] org.testcontainers.DockerClientFactory   : Testcontainers version: 1.20.4
2026-04-10T11:50:38.561+02:00  INFO 22936 --- [           main] o.t.d.DockerClientProviderStrategy       : Loaded org.testcontainers.dockerclient.NpipeSocketClientProviderStrategy from ~/.testcontainers.properties, will try it first
2026-04-10T11:50:39.356+02:00  INFO 22936 --- [           main] o.t.d.DockerClientProviderStrategy       : Found Docker environment with local Npipe socket (npipe:////./pipe/docker_engine)
2026-04-10T11:50:39.359+02:00  INFO 22936 --- [           main] org.testcontainers.DockerClientFactory   : Docker host IP address is localhost
2026-04-10T11:50:39.399+02:00  INFO 22936 --- [           main] org.testcontainers.DockerClientFactory   : Connected to docker: 
  Server Version: 26.1.4
  API Version: 1.45
  Operating System: Docker Desktop
  Total Memory: 7618 MB
  Labels: 
    com.docker.desktop.address=npipe://\\.\pipe\docker_cli
2026-04-10T11:50:39.475+02:00  INFO 22936 --- [           main] tc.testcontainers/ryuk:0.11.0            : Creating container for image: testcontainers/ryuk:0.11.0
2026-04-10T11:50:39.929+02:00  INFO 22936 --- [           main] tc.testcontainers/ryuk:0.11.0            : Container testcontainers/ryuk:0.11.0 is starting: 096db2ee7cb10eba5bd19f256b5dd9fffe62e8a0730519d6a1a37aa10da5bc18
2026-04-10T11:50:40.631+02:00  INFO 22936 --- [           main] tc.testcontainers/ryuk:0.11.0            : Container testcontainers/ryuk:0.11.0 started in PT1.1553967S
2026-04-10T11:50:40.644+02:00  INFO 22936 --- [           main] o.t.utility.RyukResourceReaper           : Ryuk started - will monitor and terminate Testcontainers containers on JVM exit
2026-04-10T11:50:40.644+02:00  INFO 22936 --- [           main] org.testcontainers.DockerClientFactory   : Checking the system...
2026-04-10T11:50:40.645+02:00  INFO 22936 --- [           main] org.testcontainers.DockerClientFactory   : ✔︎ Docker server version should be at least 1.6.0
2026-04-10T11:50:40.646+02:00  INFO 22936 --- [           main] tc.postgres:9.6.12                       : Creating container for image: postgres:9.6.12
2026-04-10T11:50:40.705+02:00  INFO 22936 --- [           main] tc.postgres:9.6.12                       : Container postgres:9.6.12 is starting: 2bdd0f38645f9d491ce748d113377807b52203c1dfb8b4a923efb188fd338c01
2026-04-10T11:50:46.899+02:00  INFO 22936 --- [           main] tc.postgres:9.6.12                       : Container postgres:9.6.12 started in PT6.2529407S
2026-04-10T11:50:46.900+02:00  INFO 22936 --- [           main] tc.postgres:9.6.12                       : Container is started (JDBC URL: jdbc:postgresql://localhost:53481/simple-api?loggerLevel=OFF)
2026-04-10T11:50:47.139+02:00  INFO 22936 --- [           main] com.zaxxer.hikari.pool.HikariPool        : HikariPool-1 - Added connection org.testcontainers.jdbc.ConnectionWrapper@d0089e5
2026-04-10T11:50:47.142+02:00  INFO 22936 --- [           main] com.zaxxer.hikari.HikariDataSource       : HikariPool-1 - Start completed.
2026-04-10T11:50:47.293+02:00  INFO 22936 --- [           main] o.hibernate.jpa.internal.util.LogHelper  : HHH000204: Processing PersistenceUnitInfo [name: default]
2026-04-10T11:50:47.474+02:00  INFO 22936 --- [           main] org.hibernate.Version                    : HHH000412: Hibernate ORM core version 6.6.5.Final
2026-04-10T11:50:47.586+02:00  INFO 22936 --- [           main] o.h.c.internal.RegionFactoryInitiator    : HHH000026: Second-level cache disabled
2026-04-10T11:50:48.334+02:00  INFO 22936 --- [           main] o.s.o.j.p.SpringPersistenceUnitInfo      : No LoadTimeWeaver setup: ignoring JPA class transformer
2026-04-10T11:50:48.529+02:00  WARN 22936 --- [           main] org.hibernate.dialect.Dialect            : HHH000511: The 9.6.12 version for [org.hibernate.dialect.PostgreSQLDialect] is no longer supported, hence certain features may not work properly. The minimum supported version is 12.0.0. Check the community dialects project for available legacy versions.
2026-04-10T11:50:48.576+02:00  INFO 22936 --- [           main] org.hibernate.orm.connections.pooling    : HHH10001005: Database info:
	Database JDBC URL [Connecting through datasource 'HikariDataSource (HikariPool-1)']
	Database driver: undefined/unknown
	Database version: 9.6.12
	Autocommit mode: undefined/unknown
	Isolation level: undefined/unknown
	Minimum pool size: undefined/unknown
	Maximum pool size: undefined/unknown
2026-04-10T11:50:50.775+02:00  INFO 22936 --- [           main] o.h.e.t.j.p.i.JtaPlatformInitiator       : HHH000489: No JTA platform available (set 'hibernate.transaction.jta.platform' to enable JTA platform integration)
2026-04-10T11:50:50.781+02:00  INFO 22936 --- [           main] j.LocalContainerEntityManagerFactoryBean : Initialized JPA EntityManagerFactory for persistence unit 'default'
2026-04-10T11:50:52.318+02:00  WARN 22936 --- [           main] JpaBaseConfiguration$JpaWebConfiguration : spring.jpa.open-in-view is enabled by default. Therefore, database queries may be performed during view rendering. Explicitly configure spring.jpa.open-in-view to disable this warning
2026-04-10T11:50:52.514+02:00  INFO 22936 --- [           main] o.s.v.b.OptionalValidatorFactoryBean     : Failed to set up a Bean Validation provider: jakarta.validation.NoProviderFoundException: Unable to create a Configuration, because no Jakarta Validation provider could be found. Add a provider like Hibernate Validator (RI) to your classpath.
2026-04-10T11:50:54.588+02:00  INFO 22936 --- [           main] o.s.b.t.m.w.SpringBootMockServletContext : Initializing Spring TestDispatcherServlet ''
2026-04-10T11:50:54.588+02:00  INFO 22936 --- [           main] o.s.t.web.servlet.TestDispatcherServlet  : Initializing Servlet ''
2026-04-10T11:50:54.614+02:00  INFO 22936 --- [           main] o.s.b.a.e.web.EndpointLinksResolver      : Exposing 1 endpoint beneath base path '/actuator'
2026-04-10T11:50:54.656+02:00  INFO 22936 --- [           main] o.s.t.web.servlet.TestDispatcherServlet  : Completed initialization in 64 ms
2026-04-10T11:50:54.898+02:00  INFO 22936 --- [           main] f.t.t.s.IT.DepartmentControllerTestIT    : Started DepartmentControllerTestIT in 23.195 seconds (process running for 26.977)
]]></system-out>
    <system-err><![CDATA[Mockito is currently self-attaching to enable the inline-mock-maker. This will no longer work in future releases of the JDK. Please add Mockito as an agent to your build what is described in Mockito's documentation: https://javadoc.io/doc/org.mockito/mockito-core/latest/org/mockito/Mockito.html#0.3
WARNING: A Java agent has been loaded dynamically (C:\Users\caelu\.m2\repository\net\bytebuddy\byte-buddy-agent\1.15.11\byte-buddy-agent-1.15.11.jar)
WARNING: If a serviceability tool is in use, please run with -XX:+EnableDynamicAgentLoading to hide this warning
WARNING: If a serviceability tool is not in use, please run with -Djdk.instrument.traceUsage for more information
WARNING: Dynamic loading of agents will be disallowed by default in a future release
]]></system-err>
  </testcase>
  <testcase name="testGetDepartmentCountByName" classname="fr.takima.training.sampleapplication.IT.DepartmentControllerTestIT" time="0.072"/>
  <testcase name="testGetNonExistingDepartmentStudentsByName" classname="fr.takima.training.sampleapplication.IT.DepartmentControllerTestIT" time="0.054"/>
  <testcase name="testGetNonExistingDepartmentCountsByName" classname="fr.takima.training.sampleapplication.IT.DepartmentControllerTestIT" time="0.052"/>
  <testcase name="testGetNonExistingDepartmentByName" classname="fr.takima.training.sampleapplication.IT.DepartmentControllerTestIT" time="0.051"/>
  <testcase name="testGetDepartmentByName" classname="fr.takima.training.sampleapplication.IT.DepartmentControllerTestIT" time="0.056"/>
</testsuite>